   Compiling cc v1.0.67
   Compiling autocfg v1.0.1
   Compiling memchr v2.4.0
   Compiling rustversion v1.0.5
error: linking with `cc` failed: exit code: 1
  |
  = note: "cc" "-Wl,--as-needed" "-Wl,-z,noexecstack" "-m64" "-Wl,--eh-frame-hdr" "-L" "/usr/lib/rustlib/x86_64-unknown-linux-gnu/lib" "/quic/quiche/tools/apps/target/debug/build/rustversion-c7d246890dd0bc13/build_script_build-c7d246890dd0bc13.build_script_build.1rzq2d3y-cgu.0.rcgu.o" "/quic/quiche/tools/apps/target/debug/build/rustversion-c7d246890dd0bc13/build_script_build-c7d246890dd0bc13.build_script_build.1rzq2d3y-cgu.1.rcgu.o" "/quic/quiche/tools/apps/target/debug/build/rustversion-c7d246890dd0bc13/build_script_build-c7d246890dd0bc13.build_script_build.1rzq2d3y-cgu.10.rcgu.o" "/quic/quiche/tools/apps/target/debug/build/rustversion-c7d246890dd0bc13/build_script_build-c7d246890dd0bc13.build_script_build.1rzq2d3y-cgu.11.rcgu.o" "/quic/quiche/tools/apps/target/debug/build/rustversion-c7d246890dd0bc13/build_script_build-c7d246890dd0bc13.build_script_build.1rzq2d3y-cgu.12.rcgu.o" "/quic/quiche/tools/apps/target/debug/build/rustversion-c7d246890dd0bc13/build_script_build-c7d246890dd0bc13.build_script_build.1rzq2d3y-cgu.13.rcgu.o" "/quic/quiche/tools/apps/target/debug/build/rustversion-c7d246890dd0bc13/build_script_build-c7d246890dd0bc13.build_script_build.1rzq2d3y-cgu.14.rcgu.o" "/quic/quiche/tools/apps/target/debug/build/rustversion-c7d246890dd0bc13/build_script_build-c7d246890dd0bc13.build_script_build.1rzq2d3y-cgu.15.rcgu.o" "/quic/quiche/tools/apps/target/debug/build/rustversion-c7d246890dd0bc13/build_script_build-c7d246890dd0bc13.build_script_build.1rzq2d3y-cgu.2.rcgu.o" "/quic/quiche/tools/apps/target/debug/build/rustversion-c7d246890dd0bc13/build_script_build-c7d246890dd0bc13.build_script_build.1rzq2d3y-cgu.3.rcgu.o" "/quic/quiche/tools/apps/target/debug/build/rustversion-c7d246890dd0bc13/build_script_build-c7d246890dd0bc13.build_script_build.1rzq2d3y-cgu.4.rcgu.o" "/quic/quiche/tools/apps/target/debug/build/rustversion-c7d246890dd0bc13/build_script_build-c7d246890dd0bc13.build_script_build.1rzq2d3y-cgu.5.rcgu.o" "/quic/quiche/tools/apps/target/debug/build/rustversion-c7d246890dd0bc13/build_script_build-c7d246890dd0bc13.build_script_build.1rzq2d3y-cgu.6.rcgu.o" "/quic/quiche/tools/apps/target/debug/build/rustversion-c7d246890dd0bc13/build_script_build-c7d246890dd0bc13.build_script_build.1rzq2d3y-cgu.7.rcgu.o" "/quic/quiche/tools/apps/target/debug/build/rustversion-c7d246890dd0bc13/build_script_build-c7d246890dd0bc13.build_script_build.1rzq2d3y-cgu.8.rcgu.o" "/quic/quiche/tools/apps/target/debug/build/rustversion-c7d246890dd0bc13/build_script_build-c7d246890dd0bc13.build_script_build.1rzq2d3y-cgu.9.rcgu.o" "-o" "/quic/quiche/tools/apps/target/debug/build/rustversion-c7d246890dd0bc13/build_script_build-c7d246890dd0bc13" "/quic/quiche/tools/apps/target/debug/build/rustversion-c7d246890dd0bc13/build_script_build-c7d246890dd0bc13.r5kfg9b6c3i0og6.rcgu.o" "-Wl,--gc-sections" "-pie" "-Wl,-zrelro" "-Wl,-znow" "-nodefaultlibs" "-L" "/quic/quiche/tools/apps/target/debug/deps" "-L" "/usr/lib/rustlib/x86_64-unknown-linux-gnu/lib" "-Wl,--start-group" "-Wl,-Bstatic" "/usr/lib/rustlib/x86_64-unknown-linux-gnu/lib/libstd-4150f6df5c6de9c5.rlib" "/usr/lib/rustlib/x86_64-unknown-linux-gnu/lib/libpanic_unwind-770f7f9254e2675d.rlib" "/usr/lib/rustlib/x86_64-unknown-linux-gnu/lib/libminiz_oxide-3fa476ae9d9cb567.rlib" "/usr/lib/rustlib/x86_64-unknown-linux-gnu/lib/libadler-b027e74b2c4662c9.rlib" "/usr/lib/rustlib/x86_64-unknown-linux-gnu/lib/libobject-ee8e8610275057b0.rlib" "/usr/lib/rustlib/x86_64-unknown-linux-gnu/lib/libaddr2line-6fb52f412c72c2e0.rlib" "/usr/lib/rustlib/x86_64-unknown-linux-gnu/lib/libgimli-879be3b8ee26459f.rlib" "/usr/lib/rustlib/x86_64-unknown-linux-gnu/lib/librustc_demangle-2bcebdcccb5000f0.rlib" "/usr/lib/rustlib/x86_64-unknown-linux-gnu/lib/libhashbrown-54f305ac8af711ee.rlib" "/usr/lib/rustlib/x86_64-unknown-linux-gnu/lib/librustc_std_workspace_alloc-f986df9ecc83f864.rlib" "/usr/lib/rustlib/x86_64-unknown-linux-gnu/lib/libunwind-bc2cd0401af6f737.rlib" "/usr/lib/rustlib/x86_64-unknown-linux-gnu/lib/libcfg_if-9288ee98a0bf4f97.rlib" "/usr/lib/rustlib/x86_64-unknown-linux-gnu/lib/liblibc-34a605fb7761d9c1.rlib" "/usr/lib/rustlib/x86_64-unknown-linux-gnu/lib/liballoc-3147914368d0fe59.rlib" "/usr/lib/rustlib/x86_64-unknown-linux-gnu/lib/librustc_std_workspace_core-c2303299f82889da.rlib" "/usr/lib/rustlib/x86_64-unknown-linux-gnu/lib/libcore-3adda86a16d1040e.rlib" "-Wl,--end-group" "/usr/lib/rustlib/x86_64-unknown-linux-gnu/lib/libcompiler_builtins-09362cd313f712cc.rlib" "-Wl,-Bdynamic" "-ldl" "-lrt" "-lpthread" "-lgcc_s" "-lc" "-lm" "-lrt" "-lpthread" "-lutil" "-ldl" "-lutil"
  = note: cc: error: /quic/quiche/tools/apps/target/debug/build/rustversion-c7d246890dd0bc13/build_script_build-c7d246890dd0bc13.build_script_build.1rzq2d3y-cgu.0.rcgu.o: No such file or directory
          cc: error: /quic/quiche/tools/apps/target/debug/build/rustversion-c7d246890dd0bc13/build_script_build-c7d246890dd0bc13.build_script_build.1rzq2d3y-cgu.1.rcgu.o: No such file or directory
          cc: error: /quic/quiche/tools/apps/target/debug/build/rustversion-c7d246890dd0bc13/build_script_build-c7d246890dd0bc13.build_script_build.1rzq2d3y-cgu.15.rcgu.o: No such file or directory
          cc: error: /quic/quiche/tools/apps/target/debug/build/rustversion-c7d246890dd0bc13/build_script_build-c7d246890dd0bc13.build_script_build.1rzq2d3y-cgu.3.rcgu.o: No such file or directory
          cc: error: /quic/quiche/tools/apps/target/debug/build/rustversion-c7d246890dd0bc13/build_script_build-c7d246890dd0bc13.build_script_build.1rzq2d3y-cgu.5.rcgu.o: No such file or directory
          

error: aborting due to previous error

error: could not compile `rustversion`.

To learn more, run the command again with --verbose.
warning: build failed, waiting for other jobs to finish...
error: build failed
